#
# There is insufficient memory for the Java Runtime Environment to continue.
# Native memory allocation (mmap) failed to map 174063616 bytes for committing reserved memory.
# Possible reasons:
#   The system is out of physical RAM or swap space
#   In 32 bit mode, the process size limit was hit
# Possible solutions:
#   Reduce memory load on the system
#   Increase physical memory or swap space
#   Check if swap backing store is full
#   Use 64 bit Java on a 64 bit OS
#   Decrease Java heap size (-Xmx/-Xms)
#   Decrease number of Java threads
#   Decrease Java thread stack sizes (-Xss)
#   Set larger code cache with -XX:ReservedCodeCacheSize=
# This output file may be truncated or incomplete.
#
#  Out of Memory Error (os_linux.cpp:2671), pid=18344, tid=140096946714368
#
# JRE version: Java(TM) SE Runtime Environment (8.0_25-b17) (build 1.8.0_25-b17)
# Java VM: Java HotSpot(TM) 64-Bit Server VM (25.25-b02 mixed mode linux-amd64 compressed oops)
# Failed to write core dump. Core dumps have been disabled. To enable core dumping, try "ulimit -c unlimited" before starting Java again
#

---------------  T H R E A D  ---------------

Current thread (0x00007f6af0073000):  VMThread [stack: 0x00007f6adcae3000,0x00007f6adcbe4000] [id=18356]

Stack: [0x00007f6adcae3000,0x00007f6adcbe4000],  sp=0x00007f6adcbe2170,  free space=1020k
Native frames: (J=compiled Java code, j=interpreted, Vv=VM code, C=native code)
V  [libjvm.so+0xa7923a]  VMError::report_and_die()+0x2ca
V  [libjvm.so+0x4e552b]  report_vm_out_of_memory(char const*, int, unsigned long, VMErrorType, char const*)+0x8b
V  [libjvm.so+0x8e5613]  os::Linux::commit_memory_impl(char*, unsigned long, bool)+0x103
V  [libjvm.so+0x8e5b69]  os::pd_commit_memory(char*, unsigned long, unsigned long, bool)+0x29
V  [libjvm.so+0x8df83a]  os::commit_memory(char*, unsigned long, unsigned long, bool)+0x2a
V  [libjvm.so+0x94f923]  PSVirtualSpace::expand_by(unsigned long)+0x53
V  [libjvm.so+0x940640]  PSOldGen::expand(unsigned long)+0x170
V  [libjvm.so+0x94084b]  PSOldGen::resize(unsigned long)+0x1cb
V  [libjvm.so+0x948441]  PSParallelCompact::invoke_no_policy(bool)+0x9d1
V  [libjvm.so+0x94da4d]  PSScavenge::invoke()+0x1ad
V  [libjvm.so+0x907800]  ParallelScavengeHeap::failed_mem_allocate(unsigned long)+0x70
V  [libjvm.so+0xa7a8b7]  VM_ParallelGCFailedAllocation::doit()+0x97
V  [libjvm.so+0xa81fd5]  VM_Operation::evaluate()+0x55
V  [libjvm.so+0xa803aa]  VMThread::evaluate_operation(VM_Operation*)+0xba
V  [libjvm.so+0xa8072e]  VMThread::loop()+0x1ce
V  [libjvm.so+0xa80ba0]  VMThread::run()+0x70
V  [libjvm.so+0x8e7d48]  java_start(Thread*)+0x108

VM_Operation (0x00007f6af6f097b0): ParallelGCFailedAllocation, mode: safepoint, requested by thread 0x00007f6af000a000


---------------  P R O C E S S  ---------------

Java Threads: ( => current thread )
  0x00007f6af00f4000 JavaThread "ReaderThread" [_thread_in_native, id=18366, stack(0x00007f6aa7cb7000,0x00007f6aa7db8000)]
  0x00007f6af00b9000 JavaThread "Service Thread" daemon [_thread_blocked, id=18363, stack(0x00007f6adc112000,0x00007f6adc213000)]
  0x00007f6af00b1000 JavaThread "C1 CompilerThread2" daemon [_thread_blocked, id=18362, stack(0x00007f6adc213000,0x00007f6adc314000)]
  0x00007f6af00af000 JavaThread "C2 CompilerThread1" daemon [_thread_blocked, id=18361, stack(0x00007f6adc314000,0x00007f6adc415000)]
  0x00007f6af00ac800 JavaThread "C2 CompilerThread0" daemon [_thread_blocked, id=18360, stack(0x00007f6adc415000,0x00007f6adc516000)]
  0x00007f6af00aa800 JavaThread "Signal Dispatcher" daemon [_thread_blocked, id=18359, stack(0x00007f6adc516000,0x00007f6adc617000)]
  0x00007f6af007c000 JavaThread "Finalizer" daemon [_thread_blocked, id=18358, stack(0x00007f6adc8e1000,0x00007f6adc9e2000)]
  0x00007f6af007a000 JavaThread "Reference Handler" daemon [_thread_blocked, id=18357, stack(0x00007f6adc9e2000,0x00007f6adcae3000)]
  0x00007f6af000a000 JavaThread "main" [_thread_blocked, id=18351, stack(0x00007f6af6e0b000,0x00007f6af6f0c000)]

Other Threads:
=>0x00007f6af0073000 VMThread [stack: 0x00007f6adcae3000,0x00007f6adcbe4000] [id=18356]
  0x00007f6af00bb000 WatcherThread [stack: 0x00007f6adc011000,0x00007f6adc112000] [id=18365]

VM state:at safepoint (normal execution)

VM Mutex/Monitor currently owned by a thread:  ([mutex/lock_event])
[0x00007f6af0005cd0] ExpandHeap_lock - owner thread: 0x00007f6af0073000
[0x00007f6af0006350] Threads_lock - owner thread: 0x00007f6af0073000
[0x00007f6af0006850] Heap_lock - owner thread: 0x00007f6af000a000

Heap:
 PSYoungGen      total 173056K, used 59413K [0x00000000ec780000, 0x00000000fdb80000, 0x0000000100000000)
  eden space 66560K, 0% used [0x00000000ec780000,0x00000000ec780000,0x00000000f0880000)
  from space 106496K, 55% used [0x00000000f7080000,0x00000000faa854f0,0x00000000fd880000)
  to   space 106496K, 0% used [0x00000000f0880000,0x00000000f0880000,0x00000000f7080000)
 ParOldGen       total 363520K, used 363090K [0x00000000c5600000, 0x00000000db900000, 0x00000000ec780000)
  object space 363520K, 99% used [0x00000000c5600000,0x00000000db894b68,0x00000000db900000)
 Metaspace       used 4632K, capacity 5050K, committed 5248K, reserved 1056768K
  class space    used 525K, capacity 561K, committed 640K, reserved 1048576K

Card table byte_map: [0x00007f6af4034000,0x00007f6af420a000] byte_map_base: 0x00007f6af3a09000

Marking Bits: (ParMarkBitMap*) 0x00007f6af62e92c0
 Begin Bits: [0x00007f6ade798000, 0x00007f6adf640000)
 End Bits:   [0x00007f6adf640000, 0x00007f6ae04e8000)

Polling page: 0x00007f6af6f2f000

CodeCache: size=245760Kb used=1760Kb max_used=1773Kb free=243999Kb
 bounds [0x00007f6ae0de5000, 0x00007f6ae1055000, 0x00007f6aefde5000]
 total_blobs=562 nmethods=265 adapters=213
 compilation: enabled

Compilation events (10 events):
Event: 0,660 Thread 0x00007f6af00b1000  264       3       com.kassiane.cwi.quotation.currency.parser.CBCurrencyParserTest::shouldListAllCurrenciesCorrectly (160 bytes)
Event: 0,662 Thread 0x00007f6af00af000 nmethod 252 0x00007f6ae0f94110 code [0x00007f6ae0f94260, 0x00007f6ae0f94378]
Event: 0,662 Thread 0x00007f6af00af000  254       4       com.kassiane.cwi.quotation.currency.parser.CBCurrencyParserTest::cbccurrencyGenerator (50 bytes)
Event: 0,663 Thread 0x00007f6af00b1000 nmethod 264 0x00007f6ae0f9a510 code [0x00007f6ae0f9a860, 0x00007f6ae0f9c178]
Event: 0,674 Thread 0x00007f6af00af000 nmethod 254 0x00007f6ae0f95050 code [0x00007f6ae0f951e0, 0x00007f6ae0f956b8]
Event: 0,675 Thread 0x00007f6af00af000  255       4       com.kassiane.cwi.quotation.domain.CBCurrency::<init> (50 bytes)
Event: 0,676 Thread 0x00007f6af00af000 nmethod 255 0x00007f6ae0f9d190 code [0x00007f6ae0f9d2e0, 0x00007f6ae0f9d398]
Event: 0,708 Thread 0x00007f6af00ac800 nmethod 253 0x00007f6ae0f984d0 code [0x00007f6ae0f98660, 0x00007f6ae0f99008]
Event: 0,719 Thread 0x00007f6af00af000  265 %     4       com.kassiane.cwi.quotation.currency.parser.CBCurrencyParserTest::shouldListAllCurrenciesCorrectly @ 13 (160 bytes)
Event: 0,742 Thread 0x00007f6af00af000 nmethod 265% 0x00007f6ae0f9e090 code [0x00007f6ae0f9e240, 0x00007f6ae0f9e9a8]

GC Heap History (10 events):
Event: 4,963 GC heap after
Heap after GC invocations=12 (full 3):
 PSYoungGen      total 146944K, used 106464K [0x00000000ec780000, 0x00000000fcc80000, 0x0000000100000000)
  eden space 40448K, 0% used [0x00000000ec780000,0x00000000ec780000,0x00000000eef00000)
  from space 106496K, 99% used [0x00000000eef00000,0x00000000f56f8010,0x00000000f5700000)
  to   space 106496K, 0% used [0x00000000f6480000,0x00000000f6480000,0x00000000fcc80000)
 ParOldGen       total 230912K, used 190976K [0x00000000c5600000, 0x00000000d3780000, 0x00000000ec780000)
  object space 230912K, 82% used [0x00000000c5600000,0x00000000d10802d8,0x00000000d3780000)
 Metaspace       used 4632K, capacity 5050K, committed 5248K, reserved 1056768K
  class space    used 525K, capacity 561K, committed 640K, reserved 1048576K
}
Event: 4,963 GC heap before
{Heap before GC invocations=13 (full 4):
 PSYoungGen      total 146944K, used 106464K [0x00000000ec780000, 0x00000000fcc80000, 0x0000000100000000)
  eden space 40448K, 0% used [0x00000000ec780000,0x00000000ec780000,0x00000000eef00000)
  from space 106496K, 99% used [0x00000000eef00000,0x00000000f56f8010,0x00000000f5700000)
  to   space 106496K, 0% used [0x00000000f6480000,0x00000000f6480000,0x00000000fcc80000)
 ParOldGen       total 230912K, used 190976K [0x00000000c5600000, 0x00000000d3780000, 0x00000000ec780000)
  object space 230912K, 82% used [0x00000000c5600000,0x00000000d10802d8,0x00000000d3780000)
 Metaspace       used 4632K, capacity 5050K, committed 5248K, reserved 1056768K
  class space    used 525K, capacity 561K, committed 640K, reserved 1048576K
Event: 8,981 GC heap after
Heap after GC invocations=13 (full 4):
 PSYoungGen      total 146944K, used 62377K [0x00000000ec780000, 0x00000000fcc80000, 0x0000000100000000)
  eden space 40448K, 0% used [0x00000000ec780000,0x00000000ec780000,0x00000000eef00000)
  from space 106496K, 58% used [0x00000000eef00000,0x00000000f2bea4b8,0x00000000f5700000)
  to   space 106496K, 0% used [0x00000000f6480000,0x00000000f6480000,0x00000000fcc80000)
 ParOldGen       total 363520K, used 230589K [0x00000000c5600000, 0x00000000db900000, 0x00000000ec780000)
  object space 363520K, 63% used [0x00000000c5600000,0x00000000d372f6f8,0x00000000db900000)
 Metaspace       used 4632K, capacity 5050K, committed 5248K, reserved 1056768K
  class space    used 525K, capacity 561K, committed 640K, reserved 1048576K
}
Event: 9,034 GC heap before
{Heap before GC invocations=14 (full 4):
 PSYoungGen      total 146944K, used 97867K [0x00000000ec780000, 0x00000000fcc80000, 0x0000000100000000)
  eden space 40448K, 87% used [0x00000000ec780000,0x00000000eea28a60,0x00000000eef00000)
  from space 106496K, 58% used [0x00000000eef00000,0x00000000f2bea4b8,0x00000000f5700000)
  to   space 106496K, 0% used [0x00000000f6480000,0x00000000f6480000,0x00000000fcc80000)
 ParOldGen       total 363520K, used 230589K [0x00000000c5600000, 0x00000000db900000, 0x00000000ec780000)
  object space 363520K, 63% used [0x00000000c5600000,0x00000000d372f6f8,0x00000000db900000)
 Metaspace       used 4632K, capacity 5050K, committed 5248K, reserved 1056768K
  class space    used 525K, capacity 561K, committed 640K, reserved 1048576K
Event: 9,463 GC heap after
Heap after GC invocations=14 (full 4):
 PSYoungGen      total 154624K, used 84352K [0x00000000ec780000, 0x00000000fc980000, 0x0000000100000000)
  eden space 51200K, 0% used [0x00000000ec780000,0x00000000ec780000,0x00000000ef980000)
  from space 103424K, 81% used [0x00000000f6480000,0x00000000fb6e0000,0x00000000fc980000)
  to   space 106496K, 0% used [0x00000000ef980000,0x00000000ef980000,0x00000000f6180000)
 ParOldGen       total 363520K, used 244157K [0x00000000c5600000, 0x00000000db900000, 0x00000000ec780000)
  object space 363520K, 67% used [0x00000000c5600000,0x00000000d446f6f8,0x00000000db900000)
 Metaspace       used 4632K, capacity 5050K, committed 5248K, reserved 1056768K
  class space    used 525K, capacity 561K, committed 640K, reserved 1048576K
}
Event: 9,648 GC heap before
{Heap before GC invocations=15 (full 4):
 PSYoungGen      total 154624K, used 135552K [0x00000000ec780000, 0x00000000fc980000, 0x0000000100000000)
  eden space 51200K, 100% used [0x00000000ec780000,0x00000000ef980000,0x00000000ef980000)
  from space 103424K, 81% used [0x00000000f6480000,0x00000000fb6e0000,0x00000000fc980000)
  to   space 106496K, 0% used [0x00000000ef980000,0x00000000ef980000,0x00000000f6180000)
 ParOldGen       total 363520K, used 244157K [0x00000000c5600000, 0x00000000db900000, 0x00000000ec780000)
  object space 363520K, 67% used [0x00000000c5600000,0x00000000d446f6f8,0x00000000db900000)
 Metaspace       used 4632K, capacity 5050K, committed 5248K, reserved 1056768K
  class space    used 525K, capacity 561K, committed 640K, reserved 1048576K
Event: 10,051 GC heap after
Heap after GC invocations=15 (full 4):
 PSYoungGen      total 157696K, used 106368K [0x00000000ec780000, 0x00000000fd880000, 0x0000000100000000)
  eden space 51200K, 0% used [0x00000000ec780000,0x00000000ec780000,0x00000000ef980000)
  from space 106496K, 99% used [0x00000000ef980000,0x00000000f6160010,0x00000000f6180000)
  to   space 106496K, 0% used [0x00000000f7080000,0x00000000f7080000,0x00000000fd880000)
 ParOldGen       total 363520K, used 273461K [0x00000000c5600000, 0x00000000db900000, 0x00000000ec780000)
  object space 363520K, 75% used [0x00000000c5600000,0x00000000d610d6f8,0x00000000db900000)
 Metaspace       used 4632K, capacity 5050K, committed 5248K, reserved 1056768K
  class space    used 525K, capacity 561K, committed 640K, reserved 1048576K
}
Event: 10,110 GC heap before
{Heap before GC invocations=16 (full 4):
 PSYoungGen      total 157696K, used 157568K [0x00000000ec780000, 0x00000000fd880000, 0x0000000100000000)
  eden space 51200K, 100% used [0x00000000ec780000,0x00000000ef980000,0x00000000ef980000)
  from space 106496K, 99% used [0x00000000ef980000,0x00000000f6160010,0x00000000f6180000)
  to   space 106496K, 0% used [0x00000000f7080000,0x00000000f7080000,0x00000000fd880000)
 ParOldGen       total 363520K, used 273461K [0x00000000c5600000, 0x00000000db900000, 0x00000000ec780000)
  object space 363520K, 75% used [0x00000000c5600000,0x00000000d610d6f8,0x00000000db900000)
 Metaspace       used 4632K, capacity 5050K, committed 5248K, reserved 1056768K
  class space    used 525K, capacity 561K, committed 640K, reserved 1048576K
Event: 10,599 GC heap after
Heap after GC invocations=16 (full 4):
 PSYoungGen      total 173056K, used 102528K [0x00000000ec780000, 0x00000000fdb80000, 0x0000000100000000)
  eden space 66560K, 0% used [0x00000000ec780000,0x00000000ec780000,0x00000000f0880000)
  from space 106496K, 96% used [0x00000000f7080000,0x00000000fd4a0010,0x00000000fd880000)
  to   space 106496K, 0% used [0x00000000f0880000,0x00000000f0880000,0x00000000f7080000)
 ParOldGen       total 363520K, used 328685K [0x00000000c5600000, 0x00000000db900000, 0x00000000ec780000)
  object space 363520K, 90% used [0x00000000c5600000,0x00000000d96fb6f8,0x00000000db900000)
 Metaspace       used 4632K, capacity 5050K, committed 5248K, reserved 1056768K
  class space    used 525K, capacity 561K, committed 640K, reserved 1048576K
}
Event: 10,599 GC heap before
{Heap before GC invocations=17 (full 5):
 PSYoungGen      total 173056K, used 102528K [0x00000000ec780000, 0x00000000fdb80000, 0x0000000100000000)
  eden space 66560K, 0% used [0x00000000ec780000,0x00000000ec780000,0x00000000f0880000)
  from space 106496K, 96% used [0x00000000f7080000,0x00000000fd4a0010,0x00000000fd880000)
  to   space 106496K, 0% used [0x00000000f0880000,0x00000000f0880000,0x00000000f7080000)
 ParOldGen       total 363520K, used 328685K [0x00000000c5600000, 0x00000000db900000, 0x00000000ec780000)
  object space 363520K, 90% used [0x00000000c5600000,0x00000000d96fb6f8,0x00000000db900000)
 Metaspace       used 4632K, capacity 5050K, committed 5248K, reserved 1056768K
  class space    used 525K, capacity 561K, committed 640K, reserved 1048576K

Deoptimization events (0 events):
No events

Internal exceptions (10 events):
Event: 0,510 Thread 0x00007f6af000a000 Exception <a 'java/security/PrivilegedActionException'> (0x00000000ecbe3cb0) thrown at [/HUDSON/workspace/8-2-build-linux-amd64/jdk8u25/1514/hotspot/src/share/vm/prims/jvm.cpp, line 1312]
Event: 0,511 Thread 0x00007f6af000a000 Exception <a 'java/security/PrivilegedActionException'> (0x00000000ecbe8090) thrown at [/HUDSON/workspace/8-2-build-linux-amd64/jdk8u25/1514/hotspot/src/share/vm/prims/jvm.cpp, line 1312]
Event: 0,512 Thread 0x00007f6af000a000 Exception <a 'java/security/PrivilegedActionException'> (0x00000000ecbed6d0) thrown at [/HUDSON/workspace/8-2-build-linux-amd64/jdk8u25/1514/hotspot/src/share/vm/prims/jvm.cpp, line 1312]
Event: 0,513 Thread 0x00007f6af000a000 Exception <a 'java/security/PrivilegedActionException'> (0x00000000ecbf28d0) thrown at [/HUDSON/workspace/8-2-build-linux-amd64/jdk8u25/1514/hotspot/src/share/vm/prims/jvm.cpp, line 1312]
Event: 0,513 Thread 0x00007f6af000a000 Exception <a 'java/security/PrivilegedActionException'> (0x00000000ecbf5cb0) thrown at [/HUDSON/workspace/8-2-build-linux-amd64/jdk8u25/1514/hotspot/src/share/vm/prims/jvm.cpp, line 1312]
Event: 0,514 Thread 0x00007f6af000a000 Exception <a 'java/security/PrivilegedActionException'> (0x00000000ecbf9ca0) thrown at [/HUDSON/workspace/8-2-build-linux-amd64/jdk8u25/1514/hotspot/src/share/vm/prims/jvm.cpp, line 1312]
Event: 0,514 Thread 0x00007f6af000a000 Exception <a 'java/security/PrivilegedActionException'> (0x00000000ecbfdb18) thrown at [/HUDSON/workspace/8-2-build-linux-amd64/jdk8u25/1514/hotspot/src/share/vm/prims/jvm.cpp, line 1312]
Event: 0,515 Thread 0x00007f6af000a000 Exception <a 'java/security/PrivilegedActionException'> (0x00000000ecc02490) thrown at [/HUDSON/workspace/8-2-build-linux-amd64/jdk8u25/1514/hotspot/src/share/vm/prims/jvm.cpp, line 1312]
Event: 0,516 Thread 0x00007f6af000a000 Exception <a 'java/security/PrivilegedActionException'> (0x00000000ecc05950) thrown at [/HUDSON/workspace/8-2-build-linux-amd64/jdk8u25/1514/hotspot/src/share/vm/prims/jvm.cpp, line 1312]
Event: 0,517 Thread 0x00007f6af000a000 Exception <a 'java/security/PrivilegedActionException'> (0x00000000ecc0a1d0) thrown at [/HUDSON/workspace/8-2-build-linux-amd64/jdk8u25/1514/hotspot/src/share/vm/prims/jvm.cpp, line 1312]

Events (10 events):
Event: 4,180 Executing VM operation: EnableBiasedLocking done
Event: 4,230 Executing VM operation: ParallelGCFailedAllocation
Event: 4,541 Executing VM operation: ParallelGCFailedAllocation done
Event: 4,601 Executing VM operation: ParallelGCFailedAllocation
Event: 8,981 Executing VM operation: ParallelGCFailedAllocation done
Event: 9,034 Executing VM operation: ParallelGCFailedAllocation
Event: 9,463 Executing VM operation: ParallelGCFailedAllocation done
Event: 9,648 Executing VM operation: ParallelGCFailedAllocation
Event: 10,051 Executing VM operation: ParallelGCFailedAllocation done
Event: 10,110 Executing VM operation: ParallelGCFailedAllocation


Dynamic libraries:
00400000-00401000 r-xp 00000000 08:07 1984792                            /usr/local/java/jdk1.8.0_25/bin/java
00600000-00601000 rw-p 00000000 08:07 1984792                            /usr/local/java/jdk1.8.0_25/bin/java
00a07000-00a28000 rw-p 00000000 00:00 0                                  [heap]
c5600000-db900000 rw-p 00000000 00:00 0 
e5f00000-ec780000 ---p 00000000 00:00 0 
ec780000-fdb80000 rw-p 00000000 00:00 0 
fdb80000-100000000 ---p 00000000 00:00 0 
100000000-1000a0000 rw-p 00000000 00:00 0 
1000a0000-140000000 ---p 00000000 00:00 0 
7f6aa0000000-7f6aa0021000 rw-p 00000000 00:00 0 
7f6aa0021000-7f6aa4000000 ---p 00000000 00:00 0 
7f6aa7cb7000-7f6aa7cba000 ---p 00000000 00:00 0 
7f6aa7cba000-7f6aa7de9000 rw-p 00000000 00:00 0                          [stack:18366]
7f6aa7de9000-7f6aa7dff000 r-xp 00000000 08:07 2113979                    /usr/local/java/jdk1.8.0_25/jre/lib/amd64/libnet.so
7f6aa7dff000-7f6aa7fff000 ---p 00016000 08:07 2113979                    /usr/local/java/jdk1.8.0_25/jre/lib/amd64/libnet.so
7f6aa7fff000-7f6aa8000000 rw-p 00016000 08:07 2113979                    /usr/local/java/jdk1.8.0_25/jre/lib/amd64/libnet.so
7f6aa8000000-7f6aa8021000 rw-p 00000000 00:00 0 
7f6aa8021000-7f6aac000000 ---p 00000000 00:00 0 
7f6aac000000-7f6aac021000 rw-p 00000000 00:00 0 
7f6aac021000-7f6ab0000000 ---p 00000000 00:00 0 
7f6ab0000000-7f6ab0075000 rw-p 00000000 00:00 0 
7f6ab0075000-7f6ab4000000 ---p 00000000 00:00 0 
7f6ab4000000-7f6ab41e8000 rw-p 00000000 00:00 0 
7f6ab41e8000-7f6ab8000000 ---p 00000000 00:00 0 
7f6ab8000000-7f6ab8021000 rw-p 00000000 00:00 0 
7f6ab8021000-7f6abc000000 ---p 00000000 00:00 0 
7f6abc000000-7f6abc185000 rw-p 00000000 00:00 0 
7f6abc185000-7f6ac0000000 ---p 00000000 00:00 0 
7f6ac0000000-7f6ac0021000 rw-p 00000000 00:00 0 
7f6ac0021000-7f6ac4000000 ---p 00000000 00:00 0 
7f6ac4000000-7f6ac4021000 rw-p 00000000 00:00 0 
7f6ac4021000-7f6ac8000000 ---p 00000000 00:00 0 
7f6ac8000000-7f6ac8021000 rw-p 00000000 00:00 0 
7f6ac8021000-7f6acc000000 ---p 00000000 00:00 0 
7f6acc000000-7f6acc285000 rw-p 00000000 00:00 0 
7f6acc285000-7f6ad0000000 ---p 00000000 00:00 0 
7f6ad0000000-7f6ad0030000 rw-p 00000000 00:00 0 
7f6ad0030000-7f6ad4000000 ---p 00000000 00:00 0 
7f6ad4000000-7f6ad4021000 rw-p 00000000 00:00 0 
7f6ad4021000-7f6ad8000000 ---p 00000000 00:00 0 
7f6ad8000000-7f6ad8021000 rw-p 00000000 00:00 0 
7f6ad8021000-7f6adc000000 ---p 00000000 00:00 0 
7f6adc011000-7f6adc012000 ---p 00000000 00:00 0 
7f6adc012000-7f6adc112000 rw-p 00000000 00:00 0                          [stack:18365]
7f6adc112000-7f6adc115000 ---p 00000000 00:00 0 
7f6adc115000-7f6adc213000 rw-p 00000000 00:00 0                          [stack:18363]
7f6adc213000-7f6adc216000 ---p 00000000 00:00 0 
7f6adc216000-7f6adc314000 rw-p 00000000 00:00 0                          [stack:18362]
7f6adc314000-7f6adc317000 ---p 00000000 00:00 0 
7f6adc317000-7f6adc415000 rw-p 00000000 00:00 0                          [stack:18361]
7f6adc415000-7f6adc418000 ---p 00000000 00:00 0 
7f6adc418000-7f6adc516000 rw-p 00000000 00:00 0                          [stack:18360]
7f6adc516000-7f6adc519000 ---p 00000000 00:00 0 
7f6adc519000-7f6adc617000 rw-p 00000000 00:00 0                          [stack:18359]
7f6adc617000-7f6adc8e1000 r--p 00000000 08:07 1977514                    /usr/lib/locale/locale-archive
7f6adc8e1000-7f6adc8e4000 ---p 00000000 00:00 0 
7f6adc8e4000-7f6adc9e2000 rw-p 00000000 00:00 0                          [stack:18358]
7f6adc9e2000-7f6adc9e5000 ---p 00000000 00:00 0 
7f6adc9e5000-7f6adcae3000 rw-p 00000000 00:00 0                          [stack:18357]
7f6adcae3000-7f6adcae4000 ---p 00000000 00:00 0 
7f6adcae4000-7f6addb77000 rw-p 00000000 00:00 0                          [stack:18356]
7f6addb77000-7f6addd4d000 r--s 03caa000 08:07 2114010                    /usr/local/java/jdk1.8.0_25/jre/lib/rt.jar
7f6addd4d000-7f6ade243000 rw-p 00000000 00:00 0 
7f6ade243000-7f6ade5c3000 ---p 00000000 00:00 0 
7f6ade5c3000-7f6ae04e8000 rw-p 00000000 00:00 0 
7f6ae04e8000-7f6ae04e9000 ---p 00000000 00:00 0 
7f6ae04e9000-7f6ae05e9000 rw-p 00000000 00:00 0                          [stack:18355]
7f6ae05e9000-7f6ae05ea000 ---p 00000000 00:00 0 
7f6ae05ea000-7f6ae06ea000 rw-p 00000000 00:00 0                          [stack:18354]
7f6ae06ea000-7f6ae06eb000 ---p 00000000 00:00 0 
7f6ae06eb000-7f6ae07eb000 rw-p 00000000 00:00 0                          [stack:18353]
7f6ae07eb000-7f6ae07ec000 ---p 00000000 00:00 0 
7f6ae07ec000-7f6ae099e000 rw-p 00000000 00:00 0                          [stack:18352]
7f6ae099e000-7f6ae0a25000 ---p 00000000 00:00 0 
7f6ae0a25000-7f6ae0a2f000 rw-p 00000000 00:00 0 
7f6ae0a2f000-7f6ae0de5000 ---p 00000000 00:00 0 
7f6ae0de5000-7f6ae1055000 rwxp 00000000 00:00 0 
7f6ae1055000-7f6aefde5000 ---p 00000000 00:00 0 
7f6aefde5000-7f6aefdff000 r-xp 00000000 08:07 2113995                    /usr/local/java/jdk1.8.0_25/jre/lib/amd64/libzip.so
7f6aefdff000-7f6aeffff000 ---p 0001a000 08:07 2113995                    /usr/local/java/jdk1.8.0_25/jre/lib/amd64/libzip.so
7f6aeffff000-7f6af0000000 rw-p 0001a000 08:07 2113995                    /usr/local/java/jdk1.8.0_25/jre/lib/amd64/libzip.so
7f6af0000000-7f6af03ee000 rw-p 00000000 00:00 0 
7f6af03ee000-7f6af4000000 ---p 00000000 00:00 0 
7f6af400b000-7f6af4013000 r--s 00045000 00:19 2491989                    /home/kassi/.m2/repository/junit/junit/4.12/junit-4.12.jar
7f6af4013000-7f6af40e6000 rw-p 00000000 00:00 0 
7f6af40e6000-7f6af416c000 ---p 00000000 00:00 0 
7f6af416c000-7f6af41f7000 rw-p 00000000 00:00 0 
7f6af41f7000-7f6af4209000 ---p 00000000 00:00 0 
7f6af4209000-7f6af420a000 rw-p 00000000 00:00 0 
7f6af420a000-7f6af4215000 r-xp 00000000 08:07 793914                     /lib/x86_64-linux-gnu/libnss_files-2.19.so
7f6af4215000-7f6af4414000 ---p 0000b000 08:07 793914                     /lib/x86_64-linux-gnu/libnss_files-2.19.so
7f6af4414000-7f6af4415000 r--p 0000a000 08:07 793914                     /lib/x86_64-linux-gnu/libnss_files-2.19.so
7f6af4415000-7f6af4416000 rw-p 0000b000 08:07 793914                     /lib/x86_64-linux-gnu/libnss_files-2.19.so
7f6af4416000-7f6af4421000 r-xp 00000000 08:07 794275                     /lib/x86_64-linux-gnu/libnss_nis-2.19.so
7f6af4421000-7f6af4620000 ---p 0000b000 08:07 794275                     /lib/x86_64-linux-gnu/libnss_nis-2.19.so
7f6af4620000-7f6af4621000 r--p 0000a000 08:07 794275                     /lib/x86_64-linux-gnu/libnss_nis-2.19.so
7f6af4621000-7f6af4622000 rw-p 0000b000 08:07 794275                     /lib/x86_64-linux-gnu/libnss_nis-2.19.so
7f6af4622000-7f6af4639000 r-xp 00000000 08:07 794031                     /lib/x86_64-linux-gnu/libnsl-2.19.so
7f6af4639000-7f6af4838000 ---p 00017000 08:07 794031                     /lib/x86_64-linux-gnu/libnsl-2.19.so
7f6af4838000-7f6af4839000 r--p 00016000 08:07 794031                     /lib/x86_64-linux-gnu/libnsl-2.19.so
7f6af4839000-7f6af483a000 rw-p 00017000 08:07 794031                     /lib/x86_64-linux-gnu/libnsl-2.19.so
7f6af483a000-7f6af483c000 rw-p 00000000 00:00 0 
7f6af483c000-7f6af4845000 r-xp 00000000 08:07 793991                     /lib/x86_64-linux-gnu/libnss_compat-2.19.so
7f6af4845000-7f6af4a44000 ---p 00009000 08:07 793991                     /lib/x86_64-linux-gnu/libnss_compat-2.19.so
7f6af4a44000-7f6af4a45000 r--p 00008000 08:07 793991                     /lib/x86_64-linux-gnu/libnss_compat-2.19.so
7f6af4a45000-7f6af4a46000 rw-p 00009000 08:07 793991                     /lib/x86_64-linux-gnu/libnss_compat-2.19.so
7f6af4a46000-7f6af4a70000 r-xp 00000000 08:07 2113965                    /usr/local/java/jdk1.8.0_25/jre/lib/amd64/libjava.so
7f6af4a70000-7f6af4c70000 ---p 0002a000 08:07 2113965                    /usr/local/java/jdk1.8.0_25/jre/lib/amd64/libjava.so
7f6af4c70000-7f6af4c72000 rw-p 0002a000 08:07 2113965                    /usr/local/java/jdk1.8.0_25/jre/lib/amd64/libjava.so
7f6af4c72000-7f6af4c7f000 r-xp 00000000 08:07 2114002                    /usr/local/java/jdk1.8.0_25/jre/lib/amd64/libverify.so
7f6af4c7f000-7f6af4e7f000 ---p 0000d000 08:07 2114002                    /usr/local/java/jdk1.8.0_25/jre/lib/amd64/libverify.so
7f6af4e7f000-7f6af4e81000 rw-p 0000d000 08:07 2114002                    /usr/local/java/jdk1.8.0_25/jre/lib/amd64/libverify.so
7f6af4e81000-7f6af4e88000 r-xp 00000000 08:07 794186                     /lib/x86_64-linux-gnu/librt-2.19.so
7f6af4e88000-7f6af5087000 ---p 00007000 08:07 794186                     /lib/x86_64-linux-gnu/librt-2.19.so
7f6af5087000-7f6af5088000 r--p 00006000 08:07 794186                     /lib/x86_64-linux-gnu/librt-2.19.so
7f6af5088000-7f6af5089000 rw-p 00007000 08:07 794186                     /lib/x86_64-linux-gnu/librt-2.19.so
7f6af5089000-7f6af518e000 r-xp 00000000 08:07 793882                     /lib/x86_64-linux-gnu/libm-2.19.so
7f6af518e000-7f6af538d000 ---p 00105000 08:07 793882                     /lib/x86_64-linux-gnu/libm-2.19.so
7f6af538d000-7f6af538e000 r--p 00104000 08:07 793882                     /lib/x86_64-linux-gnu/libm-2.19.so
7f6af538e000-7f6af538f000 rw-p 00105000 08:07 793882                     /lib/x86_64-linux-gnu/libm-2.19.so
7f6af538f000-7f6af5ffc000 r-xp 00000000 08:07 2114004                    /usr/local/java/jdk1.8.0_25/jre/lib/amd64/server/libjvm.so
7f6af5ffc000-7f6af61fb000 ---p 00c6d000 08:07 2114004                    /usr/local/java/jdk1.8.0_25/jre/lib/amd64/server/libjvm.so
7f6af61fb000-7f6af62d1000 rw-p 00c6c000 08:07 2114004                    /usr/local/java/jdk1.8.0_25/jre/lib/amd64/server/libjvm.so
7f6af62d1000-7f6af6314000 rw-p 00000000 00:00 0 
7f6af6314000-7f6af64cf000 r-xp 00000000 08:07 794106                     /lib/x86_64-linux-gnu/libc-2.19.so
7f6af64cf000-7f6af66ce000 ---p 001bb000 08:07 794106                     /lib/x86_64-linux-gnu/libc-2.19.so
7f6af66ce000-7f6af66d2000 r--p 001ba000 08:07 794106                     /lib/x86_64-linux-gnu/libc-2.19.so
7f6af66d2000-7f6af66d4000 rw-p 001be000 08:07 794106                     /lib/x86_64-linux-gnu/libc-2.19.so
7f6af66d4000-7f6af66d9000 rw-p 00000000 00:00 0 
7f6af66d9000-7f6af66dc000 r-xp 00000000 08:07 793943                     /lib/x86_64-linux-gnu/libdl-2.19.so
7f6af66dc000-7f6af68db000 ---p 00003000 08:07 793943                     /lib/x86_64-linux-gnu/libdl-2.19.so
7f6af68db000-7f6af68dc000 r--p 00002000 08:07 793943                     /lib/x86_64-linux-gnu/libdl-2.19.so
7f6af68dc000-7f6af68dd000 rw-p 00003000 08:07 793943                     /lib/x86_64-linux-gnu/libdl-2.19.so
7f6af68dd000-7f6af68f2000 r-xp 00000000 08:07 2113704                    /usr/local/java/jdk1.8.0_25/lib/amd64/jli/libjli.so
7f6af68f2000-7f6af6af1000 ---p 00015000 08:07 2113704                    /usr/local/java/jdk1.8.0_25/lib/amd64/jli/libjli.so
7f6af6af1000-7f6af6af2000 rw-p 00014000 08:07 2113704                    /usr/local/java/jdk1.8.0_25/lib/amd64/jli/libjli.so
7f6af6af2000-7f6af6b0b000 r-xp 00000000 08:07 794134                     /lib/x86_64-linux-gnu/libpthread-2.19.so
7f6af6b0b000-7f6af6d0a000 ---p 00019000 08:07 794134                     /lib/x86_64-linux-gnu/libpthread-2.19.so
7f6af6d0a000-7f6af6d0b000 r--p 00018000 08:07 794134                     /lib/x86_64-linux-gnu/libpthread-2.19.so
7f6af6d0b000-7f6af6d0c000 rw-p 00019000 08:07 794134                     /lib/x86_64-linux-gnu/libpthread-2.19.so
7f6af6d0c000-7f6af6d10000 rw-p 00000000 00:00 0 
7f6af6d10000-7f6af6d33000 r-xp 00000000 08:07 794070                     /lib/x86_64-linux-gnu/ld-2.19.so
7f6af6d39000-7f6af6e0b000 rw-p 00000000 00:00 0 
7f6af6e0b000-7f6af6e0e000 ---p 00000000 00:00 0 
7f6af6e0e000-7f6af6f11000 rw-p 00000000 00:00 0                          [stack:18351]
7f6af6f11000-7f6af6f13000 r--s 00009000 00:19 2098068                    /home/kassi/.m2/repository/org/hamcrest/hamcrest-core/1.3/hamcrest-core-1.3.jar
7f6af6f13000-7f6af6f26000 rw-p 00000000 00:00 0 
7f6af6f26000-7f6af6f2e000 rw-s 00000000 08:07 2247080                    /tmp/hsperfdata_kassi/18344
7f6af6f2e000-7f6af6f2f000 rw-p 00000000 00:00 0 
7f6af6f2f000-7f6af6f30000 ---p 00000000 00:00 0 
7f6af6f30000-7f6af6f32000 rw-p 00000000 00:00 0 
7f6af6f32000-7f6af6f33000 r--p 00022000 08:07 794070                     /lib/x86_64-linux-gnu/ld-2.19.so
7f6af6f33000-7f6af6f34000 rw-p 00023000 08:07 794070                     /lib/x86_64-linux-gnu/ld-2.19.so
7f6af6f34000-7f6af6f35000 rw-p 00000000 00:00 0 
7fffc18fb000-7fffc191c000 rw-p 00000000 00:00 0                          [stack]
7fffc19ac000-7fffc19ae000 r-xp 00000000 00:00 0                          [vdso]
ffffffffff600000-ffffffffff601000 r-xp 00000000 00:00 0                  [vsyscall]

VM Arguments:
jvm_args: -Dfile.encoding=UTF-8 
java_command: org.eclipse.jdt.internal.junit.runner.RemoteTestRunner -version 3 -port 57576 -testLoaderClass org.eclipse.jdt.internal.junit4.runner.JUnit4TestLoader -loaderpluginname org.eclipse.jdt.junit4.runtime -classNames com.kassiane.cwi.quotation.currency.parser.CBCurrencyParserTest
java_class_path (initial): /home/kassi/workspace/cwi-quotation/target/test-classes:/home/kassi/workspace/cwi-quotation/target/classes:/home/kassi/.m2/repository/junit/junit/4.12/junit-4.12.jar:/home/kassi/.m2/repository/org/hamcrest/hamcrest-core/1.3/hamcrest-core-1.3.jar:/home/kassi/eclipse/configuration/org.eclipse.osgi/202/0/.cp/:/home/kassi/eclipse/configuration/org.eclipse.osgi/201/0/.cp/
Launcher Type: SUN_STANDARD

Environment Variables:
PATH=/usr/local/sbin:/usr/local/bin:/usr/sbin:/usr/bin:/sbin:/bin:/usr/games:/usr/local/games
USERNAME=kassi
SHELL=/bin/bash
DISPLAY=:0

Signal Handlers:
SIGSEGV: [libjvm.so+0xa79a80], sa_mask[0]=11111111011111111101111111111110, sa_flags=SA_RESTART|SA_SIGINFO
SIGBUS: [libjvm.so+0xa79a80], sa_mask[0]=11111111011111111101111111111110, sa_flags=SA_RESTART|SA_SIGINFO
SIGFPE: [libjvm.so+0x8e24e0], sa_mask[0]=11111111011111111101111111111110, sa_flags=SA_RESTART|SA_SIGINFO
SIGPIPE: [libjvm.so+0x8e24e0], sa_mask[0]=11111111011111111101111111111110, sa_flags=SA_RESTART|SA_SIGINFO
SIGXFSZ: [libjvm.so+0x8e24e0], sa_mask[0]=11111111011111111101111111111110, sa_flags=SA_RESTART|SA_SIGINFO
SIGILL: [libjvm.so+0x8e24e0], sa_mask[0]=11111111011111111101111111111110, sa_flags=SA_RESTART|SA_SIGINFO
SIGUSR1: SIG_DFL, sa_mask[0]=00000000000000000000000000000000, sa_flags=none
SIGUSR2: [libjvm.so+0x8e3d10], sa_mask[0]=00100000000000000000000000000000, sa_flags=SA_RESTART|SA_SIGINFO
SIGHUP: [libjvm.so+0x8e50d0], sa_mask[0]=11111111011111111101111111111110, sa_flags=SA_RESTART|SA_SIGINFO
SIGINT: [libjvm.so+0x8e50d0], sa_mask[0]=11111111011111111101111111111110, sa_flags=SA_RESTART|SA_SIGINFO
SIGTERM: [libjvm.so+0x8e50d0], sa_mask[0]=11111111011111111101111111111110, sa_flags=SA_RESTART|SA_SIGINFO
SIGQUIT: [libjvm.so+0x8e50d0], sa_mask[0]=11111111011111111101111111111110, sa_flags=SA_RESTART|SA_SIGINFO


---------------  S Y S T E M  ---------------

OS:DISTRIB_ID=LinuxMint
DISTRIB_RELEASE=17
DISTRIB_CODENAME=qiana
DISTRIB_DESCRIPTION="Linux Mint 17 Qiana"

uname:Linux 3.13.0-24-generic #46-Ubuntu SMP Thu Apr 10 19:11:08 UTC 2014 x86_64
libc:glibc 2.19 NPTL 2.19 
rlimit: STACK 8192k, CORE 0k, NPROC 29716, NOFILE 4096, AS infinity
load average:2,02 1,46 1,36

/proc/meminfo:
MemTotal:        3834692 kB
MemFree:          155080 kB
Buffers:             656 kB
Cached:           494420 kB
SwapCached:            0 kB
Active:          3082452 kB
Inactive:         436796 kB
Active(anon):    3034492 kB
Inactive(anon):   388712 kB
Active(file):      47960 kB
Inactive(file):    48084 kB
Unevictable:         160 kB
Mlocked:             160 kB
SwapTotal:             0 kB
SwapFree:              0 kB
Dirty:                80 kB
Writeback:           220 kB
AnonPages:       3024384 kB
Mapped:           289744 kB
Shmem:            398980 kB
Slab:              71780 kB
SReclaimable:      32124 kB
SUnreclaim:        39656 kB
KernelStack:        4960 kB
PageTables:        32400 kB
NFS_Unstable:          0 kB
Bounce:                0 kB
WritebackTmp:          0 kB
CommitLimit:     1917344 kB
Committed_AS:    6613860 kB
VmallocTotal:   34359738367 kB
VmallocUsed:      347144 kB
VmallocChunk:   34359382140 kB
HardwareCorrupted:     0 kB
AnonHugePages:    626688 kB
HugePages_Total:       0
HugePages_Free:        0
HugePages_Rsvd:        0
HugePages_Surp:        0
Hugepagesize:       2048 kB
DirectMap4k:       71708 kB
DirectMap2M:     3907584 kB


CPU:total 4 (2 cores per cpu, 2 threads per core) family 6 model 37 stepping 2, cmov, cx8, fxsr, mmx, sse, sse2, sse3, ssse3, sse4.1, sse4.2, popcnt, ht, tsc, tscinvbit

/proc/cpuinfo:
processor	: 0
vendor_id	: GenuineIntel
cpu family	: 6
model		: 37
model name	: Intel(R) Core(TM) i3 CPU       M 350  @ 2.27GHz
stepping	: 2
microcode	: 0x9
cpu MHz		: 2266.000
cache size	: 3072 KB
physical id	: 0
siblings	: 4
core id		: 0
cpu cores	: 2
apicid		: 0
initial apicid	: 0
fpu		: yes
fpu_exception	: yes
cpuid level	: 11
wp		: yes
flags		: fpu vme de pse tsc msr pae mce cx8 apic sep mtrr pge mca cmov pat pse36 clflush dts acpi mmx fxsr sse sse2 ss ht tm pbe syscall nx rdtscp lm constant_tsc arch_perfmon pebs bts rep_good nopl xtopology nonstop_tsc aperfmperf pni dtes64 monitor ds_cpl vmx est tm2 ssse3 cx16 xtpr pdcm sse4_1 sse4_2 popcnt lahf_lm arat dtherm tpr_shadow vnmi flexpriority ept vpid
bogomips	: 4521.64
clflush size	: 64
cache_alignment	: 64
address sizes	: 36 bits physical, 48 bits virtual
power management:

processor	: 1
vendor_id	: GenuineIntel
cpu family	: 6
model		: 37
model name	: Intel(R) Core(TM) i3 CPU       M 350  @ 2.27GHz
stepping	: 2
microcode	: 0x9
cpu MHz		: 2266.000
cache size	: 3072 KB
physical id	: 0
siblings	: 4
core id		: 2
cpu cores	: 2
apicid		: 4
initial apicid	: 4
fpu		: yes
fpu_exception	: yes
cpuid level	: 11
wp		: yes
flags		: fpu vme de pse tsc msr pae mce cx8 apic sep mtrr pge mca cmov pat pse36 clflush dts acpi mmx fxsr sse sse2 ss ht tm pbe syscall nx rdtscp lm constant_tsc arch_perfmon pebs bts rep_good nopl xtopology nonstop_tsc aperfmperf pni dtes64 monitor ds_cpl vmx est tm2 ssse3 cx16 xtpr pdcm sse4_1 sse4_2 popcnt lahf_lm arat dtherm tpr_shadow vnmi flexpriority ept vpid
bogomips	: 4521.64
clflush size	: 64
cache_alignment	: 64
address sizes	: 36 bits physical, 48 bits virtual
power management:

processor	: 2
vendor_id	: GenuineIntel
cpu family	: 6
model		: 37
model name	: Intel(R) Core(TM) i3 CPU       M 350  @ 2.27GHz
stepping	: 2
microcode	: 0x9
cpu MHz		: 933.000
cache size	: 3072 KB
physical id	: 0
siblings	: 4
core id		: 0
cpu cores	: 2
apicid		: 1
initial apicid	: 1
fpu		: yes
fpu_exception	: yes
cpuid level	: 11
wp		: yes
flags		: fpu vme de pse tsc msr pae mce cx8 apic sep mtrr pge mca cmov pat pse36 clflush dts acpi mmx fxsr sse sse2 ss ht tm pbe syscall nx rdtscp lm constant_tsc arch_perfmon pebs bts rep_good nopl xtopology nonstop_tsc aperfmperf pni dtes64 monitor ds_cpl vmx est tm2 ssse3 cx16 xtpr pdcm sse4_1 sse4_2 popcnt lahf_lm arat dtherm tpr_shadow vnmi flexpriority ept vpid
bogomips	: 4521.64
clflush size	: 64
cache_alignment	: 64
address sizes	: 36 bits physical, 48 bits virtual
power management:

processor	: 3
vendor_id	: GenuineIntel
cpu family	: 6
model		: 37
model name	: Intel(R) Core(TM) i3 CPU       M 350  @ 2.27GHz
stepping	: 2
microcode	: 0x9
cpu MHz		: 2266.000
cache size	: 3072 KB
physical id	: 0
siblings	: 4
core id		: 2
cpu cores	: 2
apicid		: 5
initial apicid	: 5
fpu		: yes
fpu_exception	: yes
cpuid level	: 11
wp		: yes
flags		: fpu vme de pse tsc msr pae mce cx8 apic sep mtrr pge mca cmov pat pse36 clflush dts acpi mmx fxsr sse sse2 ss ht tm pbe syscall nx rdtscp lm constant_tsc arch_perfmon pebs bts rep_good nopl xtopology nonstop_tsc aperfmperf pni dtes64 monitor ds_cpl vmx est tm2 ssse3 cx16 xtpr pdcm sse4_1 sse4_2 popcnt lahf_lm arat dtherm tpr_shadow vnmi flexpriority ept vpid
bogomips	: 4521.64
clflush size	: 64
cache_alignment	: 64
address sizes	: 36 bits physical, 48 bits virtual
power management:



Memory: 4k page, physical 3834692k(155080k free), swap 0k(0k free)

vm_info: Java HotSpot(TM) 64-Bit Server VM (25.25-b02) for linux-amd64 JRE (1.8.0_25-b17), built on Sep 17 2014 17:32:11 by "java_re" with gcc 4.3.0 20080428 (Red Hat 4.3.0-8)

time: Thu Feb 25 10:09:45 2016
elapsed time: 16 seconds (0d 0h 0m 16s)

