#
# There is insufficient memory for the Java Runtime Environment to continue.
# Native memory allocation (mmap) failed to map 187695104 bytes for committing reserved memory.
# Possible reasons:
#   The system is out of physical RAM or swap space
#   In 32 bit mode, the process size limit was hit
# Possible solutions:
#   Reduce memory load on the system
#   Increase physical memory or swap space
#   Check if swap backing store is full
#   Use 64 bit Java on a 64 bit OS
#   Decrease Java heap size (-Xmx/-Xms)
#   Decrease number of Java threads
#   Decrease Java thread stack sizes (-Xss)
#   Set larger code cache with -XX:ReservedCodeCacheSize=
# This output file may be truncated or incomplete.
#
#  Out of Memory Error (os_linux.cpp:2671), pid=18435, tid=140317450815232
#
# JRE version: Java(TM) SE Runtime Environment (8.0_25-b17) (build 1.8.0_25-b17)
# Java VM: Java HotSpot(TM) 64-Bit Server VM (25.25-b02 mixed mode linux-amd64 compressed oops)
# Failed to write core dump. Core dumps have been disabled. To enable core dumping, try "ulimit -c unlimited" before starting Java again
#

---------------  T H R E A D  ---------------

Current thread (0x00007f9e4c073000):  VMThread [stack: 0x00007f9e33bfc000,0x00007f9e33cfd000] [id=18448]

Stack: [0x00007f9e33bfc000,0x00007f9e33cfd000],  sp=0x00007f9e33cfaff0,  free space=1019k
Native frames: (J=compiled Java code, j=interpreted, Vv=VM code, C=native code)
V  [libjvm.so+0xa7923a]  VMError::report_and_die()+0x2ca
V  [libjvm.so+0x4e552b]  report_vm_out_of_memory(char const*, int, unsigned long, VMErrorType, char const*)+0x8b
V  [libjvm.so+0x8e5613]  os::Linux::commit_memory_impl(char*, unsigned long, bool)+0x103
V  [libjvm.so+0x8e5b69]  os::pd_commit_memory(char*, unsigned long, unsigned long, bool)+0x29
V  [libjvm.so+0x8df83a]  os::commit_memory(char*, unsigned long, unsigned long, bool)+0x2a
V  [libjvm.so+0x94f923]  PSVirtualSpace::expand_by(unsigned long)+0x53
V  [libjvm.so+0x940640]  PSOldGen::expand(unsigned long)+0x170
V  [libjvm.so+0x94084b]  PSOldGen::resize(unsigned long)+0x1cb
V  [libjvm.so+0x948441]  PSParallelCompact::invoke_no_policy(bool)+0x9d1
V  [libjvm.so+0x94da4d]  PSScavenge::invoke()+0x1ad
V  [libjvm.so+0x907800]  ParallelScavengeHeap::failed_mem_allocate(unsigned long)+0x70
V  [libjvm.so+0xa7a8b7]  VM_ParallelGCFailedAllocation::doit()+0x97
V  [libjvm.so+0xa81fd5]  VM_Operation::evaluate()+0x55
V  [libjvm.so+0xa803aa]  VMThread::evaluate_operation(VM_Operation*)+0xba
V  [libjvm.so+0xa8072e]  VMThread::loop()+0x1ce
V  [libjvm.so+0xa80ba0]  VMThread::run()+0x70
V  [libjvm.so+0x8e7d48]  java_start(Thread*)+0x108

VM_Operation (0x00007f9e5207f7b0): ParallelGCFailedAllocation, mode: safepoint, requested by thread 0x00007f9e4c00a000


---------------  P R O C E S S  ---------------

Java Threads: ( => current thread )
  0x00007f9e4c0f9800 JavaThread "ReaderThread" [_thread_in_native, id=18457, stack(0x00007f9e32e12000,0x00007f9e32f13000)]
  0x00007f9e4c0c1800 JavaThread "Service Thread" daemon [_thread_blocked, id=18455, stack(0x00007f9e3322b000,0x00007f9e3332c000)]
  0x00007f9e4c0b1000 JavaThread "C1 CompilerThread2" daemon [_thread_blocked, id=18454, stack(0x00007f9e3332c000,0x00007f9e3342d000)]
  0x00007f9e4c0af800 JavaThread "C2 CompilerThread1" daemon [_thread_blocked, id=18453, stack(0x00007f9e3342d000,0x00007f9e3352e000)]
  0x00007f9e4c0ac800 JavaThread "C2 CompilerThread0" daemon [_thread_blocked, id=18452, stack(0x00007f9e3352e000,0x00007f9e3362f000)]
  0x00007f9e4c0aa800 JavaThread "Signal Dispatcher" daemon [_thread_blocked, id=18451, stack(0x00007f9e3362f000,0x00007f9e33730000)]
  0x00007f9e4c07c000 JavaThread "Finalizer" daemon [_thread_blocked, id=18450, stack(0x00007f9e339fa000,0x00007f9e33afb000)]
  0x00007f9e4c07a000 JavaThread "Reference Handler" daemon [_thread_blocked, id=18449, stack(0x00007f9e33afb000,0x00007f9e33bfc000)]
  0x00007f9e4c00a000 JavaThread "main" [_thread_blocked, id=18442, stack(0x00007f9e51f81000,0x00007f9e52082000)]

Other Threads:
=>0x00007f9e4c073000 VMThread [stack: 0x00007f9e33bfc000,0x00007f9e33cfd000] [id=18448]
  0x00007f9e4c0cb000 WatcherThread [stack: 0x00007f9e3312a000,0x00007f9e3322b000] [id=18456]

VM state:at safepoint (normal execution)

VM Mutex/Monitor currently owned by a thread:  ([mutex/lock_event])
[0x00007f9e4c005cd0] ExpandHeap_lock - owner thread: 0x00007f9e4c073000
[0x00007f9e4c006350] Threads_lock - owner thread: 0x00007f9e4c073000
[0x00007f9e4c006850] Heap_lock - owner thread: 0x00007f9e4c00a000

Heap:
 PSYoungGen      total 164864K, used 33811K [0x00000000ec780000, 0x00000000fe300000, 0x0000000100000000)
  eden space 58368K, 0% used [0x00000000ec780000,0x00000000ec780000,0x00000000f0080000)
  from space 106496K, 31% used [0x00000000f0080000,0x00000000f2184e58,0x00000000f6880000)
  to   space 106496K, 0% used [0x00000000f7b00000,0x00000000f7b00000,0x00000000fe300000)
 ParOldGen       total 370688K, used 370251K [0x00000000c5600000, 0x00000000dc000000, 0x00000000ec780000)
  object space 370688K, 99% used [0x00000000c5600000,0x00000000dbf92c80,0x00000000dc000000)
 Metaspace       used 4636K, capacity 5050K, committed 5248K, reserved 1056768K
  class space    used 525K, capacity 561K, committed 640K, reserved 1048576K

Card table byte_map: [0x00007f9e50029000,0x00007f9e501ff000] byte_map_base: 0x00007f9e4f9fe000

Marking Bits: (ParMarkBitMap*) 0x00007f9e5145f2c0
 Begin Bits: [0x00007f9e39919000, 0x00007f9e3a7c1000)
 End Bits:   [0x00007f9e3a7c1000, 0x00007f9e3b669000)

Polling page: 0x00007f9e520a5000

CodeCache: size=245760Kb used=1762Kb max_used=1774Kb free=243998Kb
 bounds [0x00007f9e3bf66000, 0x00007f9e3c1d6000, 0x00007f9e4af66000]
 total_blobs=568 nmethods=271 adapters=213
 compilation: enabled

Compilation events (10 events):
Event: 1,487 Thread 0x00007f9e4c0af800 nmethod 262 0x00007f9e3c115790 code [0x00007f9e3c115920, 0x00007f9e3c115df8]
Event: 1,488 Thread 0x00007f9e4c0ac800 nmethod 265% 0x00007f9e3c113f90 code [0x00007f9e3c114120, 0x00007f9e3c114678]
Event: 1,488 Thread 0x00007f9e4c0af800  268       4       java.util.HashMap::resize (359 bytes)
Event: 1,494 Thread 0x00007f9e4c0b1000  269 %     3       com.kassiane.cwi.quotation.currency.parser.CBCurrencyParserTest::shouldListAllCurrenciesCorrectly @ 13 (160 bytes)
Event: 1,496 Thread 0x00007f9e4c0b1000 nmethod 269% 0x00007f9e3c117d10 code [0x00007f9e3c118020, 0x00007f9e3c119518]
Event: 1,497 Thread 0x00007f9e4c0b1000  270       3       com.kassiane.cwi.quotation.currency.parser.CBCurrencyParserTest::shouldListAllCurrenciesCorrectly (160 bytes)
Event: 1,500 Thread 0x00007f9e4c0b1000 nmethod 270 0x00007f9e3c11ee50 code [0x00007f9e3c11f1a0, 0x00007f9e3c120ab8]
Event: 1,500 Thread 0x00007f9e4c0af800 nmethod 268 0x00007f9e3c11bfd0 code [0x00007f9e3c11c160, 0x00007f9e3c11c5f8]
Event: 1,546 Thread 0x00007f9e4c0ac800  271 %     4       com.kassiane.cwi.quotation.currency.parser.CBCurrencyParserTest::shouldListAllCurrenciesCorrectly @ 13 (160 bytes)
Event: 1,566 Thread 0x00007f9e4c0ac800 nmethod 271% 0x00007f9e3c11c810 code [0x00007f9e3c11c9c0, 0x00007f9e3c11cfe8]

GC Heap History (10 events):
Event: 5,734 GC heap after
Heap after GC invocations=11 (full 3):
 PSYoungGen      total 139776K, used 93664K [0x00000000ec780000, 0x00000000fd600000, 0x0000000100000000)
  eden space 46080K, 0% used [0x00000000ec780000,0x00000000ec780000,0x00000000ef480000)
  from space 93696K, 99% used [0x00000000f5c80000,0x00000000fb7f8010,0x00000000fb800000)
  to   space 106496K, 0% used [0x00000000ef480000,0x00000000ef480000,0x00000000f5c80000)
 ParOldGen       total 232960K, used 172452K [0x00000000c5600000, 0x00000000d3980000, 0x00000000ec780000)
  object space 232960K, 74% used [0x00000000c5600000,0x00000000cfe693f8,0x00000000d3980000)
 Metaspace       used 4636K, capacity 5050K, committed 5248K, reserved 1056768K
  class space    used 525K, capacity 561K, committed 640K, reserved 1048576K
}
Event: 5,796 GC heap before
{Heap before GC invocations=12 (full 3):
 PSYoungGen      total 139776K, used 139744K [0x00000000ec780000, 0x00000000fd600000, 0x0000000100000000)
  eden space 46080K, 100% used [0x00000000ec780000,0x00000000ef480000,0x00000000ef480000)
  from space 93696K, 99% used [0x00000000f5c80000,0x00000000fb7f8010,0x00000000fb800000)
  to   space 106496K, 0% used [0x00000000ef480000,0x00000000ef480000,0x00000000f5c80000)
 ParOldGen       total 232960K, used 172452K [0x00000000c5600000, 0x00000000d3980000, 0x00000000ec780000)
  object space 232960K, 74% used [0x00000000c5600000,0x00000000cfe693f8,0x00000000d3980000)
 Metaspace       used 4636K, capacity 5050K, committed 5248K, reserved 1056768K
  class space    used 525K, capacity 561K, committed 640K, reserved 1048576K
Event: 6,067 GC heap after
Heap after GC invocations=12 (full 3):
 PSYoungGen      total 152576K, used 103872K [0x00000000ec780000, 0x00000000fd380000, 0x0000000100000000)
  eden space 46080K, 0% used [0x00000000ec780000,0x00000000ec780000,0x00000000ef480000)
  from space 106496K, 97% used [0x00000000ef480000,0x00000000f59f0000,0x00000000f5c80000)
  to   space 106496K, 0% used [0x00000000f6b80000,0x00000000f6b80000,0x00000000fd380000)
 ParOldGen       total 232960K, used 208509K [0x00000000c5600000, 0x00000000d3980000, 0x00000000ec780000)
  object space 232960K, 89% used [0x00000000c5600000,0x00000000d219f408,0x00000000d3980000)
 Metaspace       used 4636K, capacity 5050K, committed 5248K, reserved 1056768K
  class space    used 525K, capacity 561K, committed 640K, reserved 1048576K
}
Event: 6,067 GC heap before
{Heap before GC invocations=13 (full 4):
 PSYoungGen      total 152576K, used 103872K [0x00000000ec780000, 0x00000000fd380000, 0x0000000100000000)
  eden space 46080K, 0% used [0x00000000ec780000,0x00000000ec780000,0x00000000ef480000)
  from space 106496K, 97% used [0x00000000ef480000,0x00000000f59f0000,0x00000000f5c80000)
  to   space 106496K, 0% used [0x00000000f6b80000,0x00000000f6b80000,0x00000000fd380000)
 ParOldGen       total 232960K, used 208509K [0x00000000c5600000, 0x00000000d3980000, 0x00000000ec780000)
  object space 232960K, 89% used [0x00000000c5600000,0x00000000d219f408,0x00000000d3980000)
 Metaspace       used 4636K, capacity 5050K, committed 5248K, reserved 1056768K
  class space    used 525K, capacity 561K, committed 640K, reserved 1048576K
Event: 8,664 GC heap after
Heap after GC invocations=13 (full 4):
 PSYoungGen      total 152576K, used 75075K [0x00000000ec780000, 0x00000000fd380000, 0x0000000100000000)
  eden space 46080K, 0% used [0x00000000ec780000,0x00000000ec780000,0x00000000ef480000)
  from space 106496K, 70% used [0x00000000ef480000,0x00000000f3dd0f20,0x00000000f5c80000)
  to   space 106496K, 0% used [0x00000000f6b80000,0x00000000f6b80000,0x00000000fd380000)
 ParOldGen       total 370688K, used 232733K [0x00000000c5600000, 0x00000000dc000000, 0x00000000ec780000)
  object space 370688K, 62% used [0x00000000c5600000,0x00000000d3947520,0x00000000dc000000)
 Metaspace       used 4636K, capacity 5050K, committed 5248K, reserved 1056768K
  class space    used 525K, capacity 561K, committed 640K, reserved 1048576K
}
Event: 8,840 GC heap before
{Heap before GC invocations=14 (full 4):
 PSYoungGen      total 152576K, used 121155K [0x00000000ec780000, 0x00000000fd380000, 0x0000000100000000)
  eden space 46080K, 100% used [0x00000000ec780000,0x00000000ef480000,0x00000000ef480000)
  from space 106496K, 70% used [0x00000000ef480000,0x00000000f3dd0f20,0x00000000f5c80000)
  to   space 106496K, 0% used [0x00000000f6b80000,0x00000000f6b80000,0x00000000fd380000)
 ParOldGen       total 370688K, used 232733K [0x00000000c5600000, 0x00000000dc000000, 0x00000000ec780000)
  object space 370688K, 62% used [0x00000000c5600000,0x00000000d3947520,0x00000000dc000000)
 Metaspace       used 4636K, capacity 5050K, committed 5248K, reserved 1056768K
  class space    used 525K, capacity 561K, committed 640K, reserved 1048576K
Event: 9,101 GC heap after
Heap after GC invocations=14 (full 4):
 PSYoungGen      total 161792K, used 83936K [0x00000000ec780000, 0x00000000fd080000, 0x0000000100000000)
  eden space 58368K, 0% used [0x00000000ec780000,0x00000000ec780000,0x00000000f0080000)
  from space 103424K, 81% used [0x00000000f6b80000,0x00000000fbd78010,0x00000000fd080000)
  to   space 106496K, 0% used [0x00000000f0080000,0x00000000f0080000,0x00000000f6880000)
 ParOldGen       total 370688K, used 270197K [0x00000000c5600000, 0x00000000dc000000, 0x00000000ec780000)
  object space 370688K, 72% used [0x00000000c5600000,0x00000000d5ddd520,0x00000000dc000000)
 Metaspace       used 4636K, capacity 5050K, committed 5248K, reserved 1056768K
  class space    used 525K, capacity 561K, committed 640K, reserved 1048576K
}
Event: 9,166 GC heap before
{Heap before GC invocations=15 (full 4):
 PSYoungGen      total 161792K, used 142304K [0x00000000ec780000, 0x00000000fd080000, 0x0000000100000000)
  eden space 58368K, 100% used [0x00000000ec780000,0x00000000f0080000,0x00000000f0080000)
  from space 103424K, 81% used [0x00000000f6b80000,0x00000000fbd78010,0x00000000fd080000)
  to   space 106496K, 0% used [0x00000000f0080000,0x00000000f0080000,0x00000000f6880000)
 ParOldGen       total 370688K, used 270197K [0x00000000c5600000, 0x00000000dc000000, 0x00000000ec780000)
  object space 370688K, 72% used [0x00000000c5600000,0x00000000d5ddd520,0x00000000dc000000)
 Metaspace       used 4636K, capacity 5050K, committed 5248K, reserved 1056768K
  class space    used 525K, capacity 561K, committed 640K, reserved 1048576K
Event: 9,455 GC heap after
Heap after GC invocations=15 (full 4):
 PSYoungGen      total 164864K, used 58464K [0x00000000ec780000, 0x00000000fe300000, 0x0000000100000000)
  eden space 58368K, 0% used [0x00000000ec780000,0x00000000ec780000,0x00000000f0080000)
  from space 106496K, 54% used [0x00000000f0080000,0x00000000f3998000,0x00000000f6880000)
  to   space 106496K, 0% used [0x00000000f7b00000,0x00000000f7b00000,0x00000000fe300000)
 ParOldGen       total 370688K, used 354285K [0x00000000c5600000, 0x00000000dc000000, 0x00000000ec780000)
  object space 370688K, 95% used [0x00000000c5600000,0x00000000daffb530,0x00000000dc000000)
 Metaspace       used 4636K, capacity 5050K, committed 5248K, reserved 1056768K
  class space    used 525K, capacity 561K, committed 640K, reserved 1048576K
}
Event: 9,455 GC heap before
{Heap before GC invocations=16 (full 5):
 PSYoungGen      total 164864K, used 58464K [0x00000000ec780000, 0x00000000fe300000, 0x0000000100000000)
  eden space 58368K, 0% used [0x00000000ec780000,0x00000000ec780000,0x00000000f0080000)
  from space 106496K, 54% used [0x00000000f0080000,0x00000000f3998000,0x00000000f6880000)
  to   space 106496K, 0% used [0x00000000f7b00000,0x00000000f7b00000,0x00000000fe300000)
 ParOldGen       total 370688K, used 354285K [0x00000000c5600000, 0x00000000dc000000, 0x00000000ec780000)
  object space 370688K, 95% used [0x00000000c5600000,0x00000000daffb530,0x00000000dc000000)
 Metaspace       used 4636K, capacity 5050K, committed 5248K, reserved 1056768K
  class space    used 525K, capacity 561K, committed 640K, reserved 1048576K

Deoptimization events (0 events):
No events

Internal exceptions (10 events):
Event: 1,344 Thread 0x00007f9e4c00a000 Exception <a 'java/security/PrivilegedActionException'> (0x00000000ecbe2da0) thrown at [/HUDSON/workspace/8-2-build-linux-amd64/jdk8u25/1514/hotspot/src/share/vm/prims/jvm.cpp, line 1312]
Event: 1,345 Thread 0x00007f9e4c00a000 Exception <a 'java/security/PrivilegedActionException'> (0x00000000ecbe7180) thrown at [/HUDSON/workspace/8-2-build-linux-amd64/jdk8u25/1514/hotspot/src/share/vm/prims/jvm.cpp, line 1312]
Event: 1,348 Thread 0x00007f9e4c00a000 Exception <a 'java/security/PrivilegedActionException'> (0x00000000ecbec7c0) thrown at [/HUDSON/workspace/8-2-build-linux-amd64/jdk8u25/1514/hotspot/src/share/vm/prims/jvm.cpp, line 1312]
Event: 1,349 Thread 0x00007f9e4c00a000 Exception <a 'java/security/PrivilegedActionException'> (0x00000000ecbf19c0) thrown at [/HUDSON/workspace/8-2-build-linux-amd64/jdk8u25/1514/hotspot/src/share/vm/prims/jvm.cpp, line 1312]
Event: 1,350 Thread 0x00007f9e4c00a000 Exception <a 'java/security/PrivilegedActionException'> (0x00000000ecbf4da0) thrown at [/HUDSON/workspace/8-2-build-linux-amd64/jdk8u25/1514/hotspot/src/share/vm/prims/jvm.cpp, line 1312]
Event: 1,350 Thread 0x00007f9e4c00a000 Exception <a 'java/security/PrivilegedActionException'> (0x00000000ecbf8d90) thrown at [/HUDSON/workspace/8-2-build-linux-amd64/jdk8u25/1514/hotspot/src/share/vm/prims/jvm.cpp, line 1312]
Event: 1,351 Thread 0x00007f9e4c00a000 Exception <a 'java/security/PrivilegedActionException'> (0x00000000ecbfcc08) thrown at [/HUDSON/workspace/8-2-build-linux-amd64/jdk8u25/1514/hotspot/src/share/vm/prims/jvm.cpp, line 1312]
Event: 1,352 Thread 0x00007f9e4c00a000 Exception <a 'java/security/PrivilegedActionException'> (0x00000000ecc01580) thrown at [/HUDSON/workspace/8-2-build-linux-amd64/jdk8u25/1514/hotspot/src/share/vm/prims/jvm.cpp, line 1312]
Event: 1,368 Thread 0x00007f9e4c00a000 Exception <a 'java/security/PrivilegedActionException'> (0x00000000ecc04a40) thrown at [/HUDSON/workspace/8-2-build-linux-amd64/jdk8u25/1514/hotspot/src/share/vm/prims/jvm.cpp, line 1312]
Event: 1,369 Thread 0x00007f9e4c00a000 Exception <a 'java/security/PrivilegedActionException'> (0x00000000ecc091e0) thrown at [/HUDSON/workspace/8-2-build-linux-amd64/jdk8u25/1514/hotspot/src/share/vm/prims/jvm.cpp, line 1312]

Events (10 events):
Event: 5,198 Executing VM operation: ParallelGCFailedAllocation done
Event: 5,244 Executing VM operation: ParallelGCFailedAllocation
Event: 5,451 Executing VM operation: ParallelGCFailedAllocation done
Event: 5,509 Executing VM operation: ParallelGCFailedAllocation
Event: 5,734 Executing VM operation: ParallelGCFailedAllocation done
Event: 5,796 Executing VM operation: ParallelGCFailedAllocation
Event: 8,664 Executing VM operation: ParallelGCFailedAllocation done
Event: 8,840 Executing VM operation: ParallelGCFailedAllocation
Event: 9,101 Executing VM operation: ParallelGCFailedAllocation done
Event: 9,166 Executing VM operation: ParallelGCFailedAllocation


Dynamic libraries:
00400000-00401000 r-xp 00000000 08:07 1984792                            /usr/local/java/jdk1.8.0_25/bin/java
00600000-00601000 rw-p 00000000 08:07 1984792                            /usr/local/java/jdk1.8.0_25/bin/java
01e19000-01e3a000 rw-p 00000000 00:00 0                                  [heap]
c5600000-dc000000 rw-p 00000000 00:00 0 
e7300000-ec780000 ---p 00000000 00:00 0 
ec780000-fe300000 rw-p 00000000 00:00 0 
fe300000-100000000 ---p 00000000 00:00 0 
100000000-1000a0000 rw-p 00000000 00:00 0 
1000a0000-140000000 ---p 00000000 00:00 0 
7f9dfc000000-7f9dfc021000 rw-p 00000000 00:00 0 
7f9dfc021000-7f9e00000000 ---p 00000000 00:00 0 
7f9e00000000-7f9e00021000 rw-p 00000000 00:00 0 
7f9e00021000-7f9e04000000 ---p 00000000 00:00 0 
7f9e04000000-7f9e04220000 rw-p 00000000 00:00 0 
7f9e04220000-7f9e08000000 ---p 00000000 00:00 0 
7f9e08000000-7f9e08021000 rw-p 00000000 00:00 0 
7f9e08021000-7f9e0c000000 ---p 00000000 00:00 0 
7f9e0c000000-7f9e0c0b9000 rw-p 00000000 00:00 0 
7f9e0c0b9000-7f9e10000000 ---p 00000000 00:00 0 
7f9e10000000-7f9e10102000 rw-p 00000000 00:00 0 
7f9e10102000-7f9e14000000 ---p 00000000 00:00 0 
7f9e14000000-7f9e14021000 rw-p 00000000 00:00 0 
7f9e14021000-7f9e18000000 ---p 00000000 00:00 0 
7f9e18000000-7f9e18021000 rw-p 00000000 00:00 0 
7f9e18021000-7f9e1c000000 ---p 00000000 00:00 0 
7f9e1c000000-7f9e1c285000 rw-p 00000000 00:00 0 
7f9e1c285000-7f9e20000000 ---p 00000000 00:00 0 
7f9e20000000-7f9e20021000 rw-p 00000000 00:00 0 
7f9e20021000-7f9e24000000 ---p 00000000 00:00 0 
7f9e24000000-7f9e24021000 rw-p 00000000 00:00 0 
7f9e24021000-7f9e28000000 ---p 00000000 00:00 0 
7f9e28000000-7f9e28021000 rw-p 00000000 00:00 0 
7f9e28021000-7f9e2c000000 ---p 00000000 00:00 0 
7f9e2c000000-7f9e2c021000 rw-p 00000000 00:00 0 
7f9e2c021000-7f9e30000000 ---p 00000000 00:00 0 
7f9e32e12000-7f9e32e15000 ---p 00000000 00:00 0 
7f9e32e15000-7f9e32f13000 rw-p 00000000 00:00 0                          [stack:18457]
7f9e32f13000-7f9e32f29000 r-xp 00000000 08:07 2113979                    /usr/local/java/jdk1.8.0_25/jre/lib/amd64/libnet.so
7f9e32f29000-7f9e33129000 ---p 00016000 08:07 2113979                    /usr/local/java/jdk1.8.0_25/jre/lib/amd64/libnet.so
7f9e33129000-7f9e3312a000 rw-p 00016000 08:07 2113979                    /usr/local/java/jdk1.8.0_25/jre/lib/amd64/libnet.so
7f9e3312a000-7f9e3312b000 ---p 00000000 00:00 0 
7f9e3312b000-7f9e3322b000 rw-p 00000000 00:00 0                          [stack:18456]
7f9e3322b000-7f9e3322e000 ---p 00000000 00:00 0 
7f9e3322e000-7f9e3332c000 rw-p 00000000 00:00 0                          [stack:18455]
7f9e3332c000-7f9e3332f000 ---p 00000000 00:00 0 
7f9e3332f000-7f9e3342d000 rw-p 00000000 00:00 0                          [stack:18454]
7f9e3342d000-7f9e33430000 ---p 00000000 00:00 0 
7f9e33430000-7f9e3352e000 rw-p 00000000 00:00 0                          [stack:18453]
7f9e3352e000-7f9e33531000 ---p 00000000 00:00 0 
7f9e33531000-7f9e3362f000 rw-p 00000000 00:00 0                          [stack:18452]
7f9e3362f000-7f9e33632000 ---p 00000000 00:00 0 
7f9e33632000-7f9e33730000 rw-p 00000000 00:00 0                          [stack:18451]
7f9e33730000-7f9e339fa000 r--p 00000000 08:07 1977514                    /usr/lib/locale/locale-archive
7f9e339fa000-7f9e339fd000 ---p 00000000 00:00 0 
7f9e339fd000-7f9e33afb000 rw-p 00000000 00:00 0                          [stack:18450]
7f9e33afb000-7f9e33afe000 ---p 00000000 00:00 0 
7f9e33afe000-7f9e33bfc000 rw-p 00000000 00:00 0                          [stack:18449]
7f9e33bfc000-7f9e33bfd000 ---p 00000000 00:00 0 
7f9e33bfd000-7f9e34000000 rw-p 00000000 00:00 0                          [stack:18448]
7f9e34000000-7f9e34021000 rw-p 00000000 00:00 0 
7f9e34021000-7f9e38000000 ---p 00000000 00:00 0 
7f9e38037000-7f9e38cf8000 rw-p 00000000 00:00 0 
7f9e38cf8000-7f9e38ece000 r--s 03caa000 08:07 2114010                    /usr/local/java/jdk1.8.0_25/jre/lib/rt.jar
7f9e38ece000-7f9e393c4000 rw-p 00000000 00:00 0 
7f9e393c4000-7f9e39744000 ---p 00000000 00:00 0 
7f9e39744000-7f9e3b669000 rw-p 00000000 00:00 0 
7f9e3b669000-7f9e3b66a000 ---p 00000000 00:00 0 
7f9e3b66a000-7f9e3b76a000 rw-p 00000000 00:00 0                          [stack:18446]
7f9e3b76a000-7f9e3b76b000 ---p 00000000 00:00 0 
7f9e3b76b000-7f9e3b86b000 rw-p 00000000 00:00 0                          [stack:18445]
7f9e3b86b000-7f9e3b86c000 ---p 00000000 00:00 0 
7f9e3b86c000-7f9e3b96c000 rw-p 00000000 00:00 0                          [stack:18444]
7f9e3b96c000-7f9e3b96d000 ---p 00000000 00:00 0 
7f9e3b96d000-7f9e3bb22000 rw-p 00000000 00:00 0                          [stack:18443]
7f9e3bb22000-7f9e3bba6000 ---p 00000000 00:00 0 
7f9e3bba6000-7f9e3bbb0000 rw-p 00000000 00:00 0 
7f9e3bbb0000-7f9e3bf66000 ---p 00000000 00:00 0 
7f9e3bf66000-7f9e3c1d6000 rwxp 00000000 00:00 0 
7f9e3c1d6000-7f9e4af66000 ---p 00000000 00:00 0 
7f9e4af66000-7f9e4af80000 r-xp 00000000 08:07 2113995                    /usr/local/java/jdk1.8.0_25/jre/lib/amd64/libzip.so
7f9e4af80000-7f9e4b180000 ---p 0001a000 08:07 2113995                    /usr/local/java/jdk1.8.0_25/jre/lib/amd64/libzip.so
7f9e4b180000-7f9e4b181000 rw-p 0001a000 08:07 2113995                    /usr/local/java/jdk1.8.0_25/jre/lib/amd64/libzip.so
7f9e4b181000-7f9e4b18c000 r-xp 00000000 08:07 793914                     /lib/x86_64-linux-gnu/libnss_files-2.19.so
7f9e4b18c000-7f9e4b38b000 ---p 0000b000 08:07 793914                     /lib/x86_64-linux-gnu/libnss_files-2.19.so
7f9e4b38b000-7f9e4b38c000 r--p 0000a000 08:07 793914                     /lib/x86_64-linux-gnu/libnss_files-2.19.so
7f9e4b38c000-7f9e4b38d000 rw-p 0000b000 08:07 793914                     /lib/x86_64-linux-gnu/libnss_files-2.19.so
7f9e4b38d000-7f9e4b398000 r-xp 00000000 08:07 794275                     /lib/x86_64-linux-gnu/libnss_nis-2.19.so
7f9e4b398000-7f9e4b597000 ---p 0000b000 08:07 794275                     /lib/x86_64-linux-gnu/libnss_nis-2.19.so
7f9e4b597000-7f9e4b598000 r--p 0000a000 08:07 794275                     /lib/x86_64-linux-gnu/libnss_nis-2.19.so
7f9e4b598000-7f9e4b599000 rw-p 0000b000 08:07 794275                     /lib/x86_64-linux-gnu/libnss_nis-2.19.so
7f9e4b599000-7f9e4b5b0000 r-xp 00000000 08:07 794031                     /lib/x86_64-linux-gnu/libnsl-2.19.so
7f9e4b5b0000-7f9e4b7af000 ---p 00017000 08:07 794031                     /lib/x86_64-linux-gnu/libnsl-2.19.so
7f9e4b7af000-7f9e4b7b0000 r--p 00016000 08:07 794031                     /lib/x86_64-linux-gnu/libnsl-2.19.so
7f9e4b7b0000-7f9e4b7b1000 rw-p 00017000 08:07 794031                     /lib/x86_64-linux-gnu/libnsl-2.19.so
7f9e4b7b1000-7f9e4b7b3000 rw-p 00000000 00:00 0 
7f9e4b7b3000-7f9e4b7bc000 r-xp 00000000 08:07 793991                     /lib/x86_64-linux-gnu/libnss_compat-2.19.so
7f9e4b7bc000-7f9e4b9bb000 ---p 00009000 08:07 793991                     /lib/x86_64-linux-gnu/libnss_compat-2.19.so
7f9e4b9bb000-7f9e4b9bc000 r--p 00008000 08:07 793991                     /lib/x86_64-linux-gnu/libnss_compat-2.19.so
7f9e4b9bc000-7f9e4b9bd000 rw-p 00009000 08:07 793991                     /lib/x86_64-linux-gnu/libnss_compat-2.19.so
7f9e4b9bd000-7f9e4b9e7000 r-xp 00000000 08:07 2113965                    /usr/local/java/jdk1.8.0_25/jre/lib/amd64/libjava.so
7f9e4b9e7000-7f9e4bbe7000 ---p 0002a000 08:07 2113965                    /usr/local/java/jdk1.8.0_25/jre/lib/amd64/libjava.so
7f9e4bbe7000-7f9e4bbe9000 rw-p 0002a000 08:07 2113965                    /usr/local/java/jdk1.8.0_25/jre/lib/amd64/libjava.so
7f9e4bbe9000-7f9e4bbf6000 r-xp 00000000 08:07 2114002                    /usr/local/java/jdk1.8.0_25/jre/lib/amd64/libverify.so
7f9e4bbf6000-7f9e4bdf6000 ---p 0000d000 08:07 2114002                    /usr/local/java/jdk1.8.0_25/jre/lib/amd64/libverify.so
7f9e4bdf6000-7f9e4bdf8000 rw-p 0000d000 08:07 2114002                    /usr/local/java/jdk1.8.0_25/jre/lib/amd64/libverify.so
7f9e4bdf8000-7f9e4bdff000 r-xp 00000000 08:07 794186                     /lib/x86_64-linux-gnu/librt-2.19.so
7f9e4bdff000-7f9e4bffe000 ---p 00007000 08:07 794186                     /lib/x86_64-linux-gnu/librt-2.19.so
7f9e4bffe000-7f9e4bfff000 r--p 00006000 08:07 794186                     /lib/x86_64-linux-gnu/librt-2.19.so
7f9e4bfff000-7f9e4c000000 rw-p 00007000 08:07 794186                     /lib/x86_64-linux-gnu/librt-2.19.so
7f9e4c000000-7f9e4c40e000 rw-p 00000000 00:00 0 
7f9e4c40e000-7f9e50000000 ---p 00000000 00:00 0 
7f9e50000000-7f9e50008000 r--s 00045000 00:19 2491989                    /home/kassi/.m2/repository/junit/junit/4.12/junit-4.12.jar
7f9e50008000-7f9e500de000 rw-p 00000000 00:00 0 
7f9e500de000-7f9e50161000 ---p 00000000 00:00 0 
7f9e50161000-7f9e501f0000 rw-p 00000000 00:00 0 
7f9e501f0000-7f9e501fe000 ---p 00000000 00:00 0 
7f9e501fe000-7f9e501ff000 rw-p 00000000 00:00 0 
7f9e501ff000-7f9e50304000 r-xp 00000000 08:07 793882                     /lib/x86_64-linux-gnu/libm-2.19.so
7f9e50304000-7f9e50503000 ---p 00105000 08:07 793882                     /lib/x86_64-linux-gnu/libm-2.19.so
7f9e50503000-7f9e50504000 r--p 00104000 08:07 793882                     /lib/x86_64-linux-gnu/libm-2.19.so
7f9e50504000-7f9e50505000 rw-p 00105000 08:07 793882                     /lib/x86_64-linux-gnu/libm-2.19.so
7f9e50505000-7f9e51172000 r-xp 00000000 08:07 2114004                    /usr/local/java/jdk1.8.0_25/jre/lib/amd64/server/libjvm.so
7f9e51172000-7f9e51371000 ---p 00c6d000 08:07 2114004                    /usr/local/java/jdk1.8.0_25/jre/lib/amd64/server/libjvm.so
7f9e51371000-7f9e51447000 rw-p 00c6c000 08:07 2114004                    /usr/local/java/jdk1.8.0_25/jre/lib/amd64/server/libjvm.so
7f9e51447000-7f9e5148a000 rw-p 00000000 00:00 0 
7f9e5148a000-7f9e51645000 r-xp 00000000 08:07 794106                     /lib/x86_64-linux-gnu/libc-2.19.so
7f9e51645000-7f9e51844000 ---p 001bb000 08:07 794106                     /lib/x86_64-linux-gnu/libc-2.19.so
7f9e51844000-7f9e51848000 r--p 001ba000 08:07 794106                     /lib/x86_64-linux-gnu/libc-2.19.so
7f9e51848000-7f9e5184a000 rw-p 001be000 08:07 794106                     /lib/x86_64-linux-gnu/libc-2.19.so
7f9e5184a000-7f9e5184f000 rw-p 00000000 00:00 0 
7f9e5184f000-7f9e51852000 r-xp 00000000 08:07 793943                     /lib/x86_64-linux-gnu/libdl-2.19.so
7f9e51852000-7f9e51a51000 ---p 00003000 08:07 793943                     /lib/x86_64-linux-gnu/libdl-2.19.so
7f9e51a51000-7f9e51a52000 r--p 00002000 08:07 793943                     /lib/x86_64-linux-gnu/libdl-2.19.so
7f9e51a52000-7f9e51a53000 rw-p 00003000 08:07 793943                     /lib/x86_64-linux-gnu/libdl-2.19.so
7f9e51a53000-7f9e51a68000 r-xp 00000000 08:07 2113704                    /usr/local/java/jdk1.8.0_25/lib/amd64/jli/libjli.so
7f9e51a68000-7f9e51c67000 ---p 00015000 08:07 2113704                    /usr/local/java/jdk1.8.0_25/lib/amd64/jli/libjli.so
7f9e51c67000-7f9e51c68000 rw-p 00014000 08:07 2113704                    /usr/local/java/jdk1.8.0_25/lib/amd64/jli/libjli.so
7f9e51c68000-7f9e51c81000 r-xp 00000000 08:07 794134                     /lib/x86_64-linux-gnu/libpthread-2.19.so
7f9e51c81000-7f9e51e80000 ---p 00019000 08:07 794134                     /lib/x86_64-linux-gnu/libpthread-2.19.so
7f9e51e80000-7f9e51e81000 r--p 00018000 08:07 794134                     /lib/x86_64-linux-gnu/libpthread-2.19.so
7f9e51e81000-7f9e51e82000 rw-p 00019000 08:07 794134                     /lib/x86_64-linux-gnu/libpthread-2.19.so
7f9e51e82000-7f9e51e86000 rw-p 00000000 00:00 0 
7f9e51e86000-7f9e51ea9000 r-xp 00000000 08:07 794070                     /lib/x86_64-linux-gnu/ld-2.19.so
7f9e51eaf000-7f9e51f81000 rw-p 00000000 00:00 0 
7f9e51f81000-7f9e51f84000 ---p 00000000 00:00 0 
7f9e51f84000-7f9e52087000 rw-p 00000000 00:00 0                          [stack:18442]
7f9e52087000-7f9e52089000 r--s 00009000 00:19 2098068                    /home/kassi/.m2/repository/org/hamcrest/hamcrest-core/1.3/hamcrest-core-1.3.jar
7f9e52089000-7f9e5209c000 rw-p 00000000 00:00 0 
7f9e5209c000-7f9e520a4000 rw-s 00000000 08:07 2247080                    /tmp/hsperfdata_kassi/18435
7f9e520a4000-7f9e520a5000 rw-p 00000000 00:00 0 
7f9e520a5000-7f9e520a6000 ---p 00000000 00:00 0 
7f9e520a6000-7f9e520a8000 rw-p 00000000 00:00 0 
7f9e520a8000-7f9e520a9000 r--p 00022000 08:07 794070                     /lib/x86_64-linux-gnu/ld-2.19.so
7f9e520a9000-7f9e520aa000 rw-p 00023000 08:07 794070                     /lib/x86_64-linux-gnu/ld-2.19.so
7f9e520aa000-7f9e520ab000 rw-p 00000000 00:00 0 
7fff68571000-7fff68592000 rw-p 00000000 00:00 0                          [stack]
7fff685fe000-7fff68600000 r-xp 00000000 00:00 0                          [vdso]
ffffffffff600000-ffffffffff601000 r-xp 00000000 00:00 0                  [vsyscall]

VM Arguments:
jvm_args: -Dfile.encoding=UTF-8 
java_command: org.eclipse.jdt.internal.junit.runner.RemoteTestRunner -version 3 -port 55200 -testLoaderClass org.eclipse.jdt.internal.junit4.runner.JUnit4TestLoader -loaderpluginname org.eclipse.jdt.junit4.runtime -classNames com.kassiane.cwi.quotation.currency.parser.CBCurrencyParserTest
java_class_path (initial): /home/kassi/workspace/cwi-quotation/target/test-classes:/home/kassi/workspace/cwi-quotation/target/classes:/home/kassi/.m2/repository/junit/junit/4.12/junit-4.12.jar:/home/kassi/.m2/repository/org/hamcrest/hamcrest-core/1.3/hamcrest-core-1.3.jar:/home/kassi/eclipse/configuration/org.eclipse.osgi/202/0/.cp/:/home/kassi/eclipse/configuration/org.eclipse.osgi/201/0/.cp/
Launcher Type: SUN_STANDARD

Environment Variables:
PATH=/usr/local/sbin:/usr/local/bin:/usr/sbin:/usr/bin:/sbin:/bin:/usr/games:/usr/local/games
USERNAME=kassi
SHELL=/bin/bash
DISPLAY=:0

Signal Handlers:
SIGSEGV: [libjvm.so+0xa79a80], sa_mask[0]=11111111011111111101111111111110, sa_flags=SA_RESTART|SA_SIGINFO
SIGBUS: [libjvm.so+0xa79a80], sa_mask[0]=11111111011111111101111111111110, sa_flags=SA_RESTART|SA_SIGINFO
SIGFPE: [libjvm.so+0x8e24e0], sa_mask[0]=11111111011111111101111111111110, sa_flags=SA_RESTART|SA_SIGINFO
SIGPIPE: [libjvm.so+0x8e24e0], sa_mask[0]=11111111011111111101111111111110, sa_flags=SA_RESTART|SA_SIGINFO
SIGXFSZ: [libjvm.so+0x8e24e0], sa_mask[0]=11111111011111111101111111111110, sa_flags=SA_RESTART|SA_SIGINFO
SIGILL: [libjvm.so+0x8e24e0], sa_mask[0]=11111111011111111101111111111110, sa_flags=SA_RESTART|SA_SIGINFO
SIGUSR1: SIG_DFL, sa_mask[0]=00000000000000000000000000000000, sa_flags=none
SIGUSR2: [libjvm.so+0x8e3d10], sa_mask[0]=00100000000000000000000000000000, sa_flags=SA_RESTART|SA_SIGINFO
SIGHUP: [libjvm.so+0x8e50d0], sa_mask[0]=11111111011111111101111111111110, sa_flags=SA_RESTART|SA_SIGINFO
SIGINT: [libjvm.so+0x8e50d0], sa_mask[0]=11111111011111111101111111111110, sa_flags=SA_RESTART|SA_SIGINFO
SIGTERM: [libjvm.so+0x8e50d0], sa_mask[0]=11111111011111111101111111111110, sa_flags=SA_RESTART|SA_SIGINFO
SIGQUIT: [libjvm.so+0x8e50d0], sa_mask[0]=11111111011111111101111111111110, sa_flags=SA_RESTART|SA_SIGINFO


---------------  S Y S T E M  ---------------

OS:DISTRIB_ID=LinuxMint
DISTRIB_RELEASE=17
DISTRIB_CODENAME=qiana
DISTRIB_DESCRIPTION="Linux Mint 17 Qiana"

uname:Linux 3.13.0-24-generic #46-Ubuntu SMP Thu Apr 10 19:11:08 UTC 2014 x86_64
libc:glibc 2.19 NPTL 2.19 
rlimit: STACK 8192k, CORE 0k, NPROC 29716, NOFILE 4096, AS infinity
load average:2,29 1,63 1,43

/proc/meminfo:
MemTotal:        3834692 kB
MemFree:          160968 kB
Buffers:            1796 kB
Cached:           498936 kB
SwapCached:            0 kB
Active:          3084864 kB
Inactive:         430532 kB
Active(anon):    3025012 kB
Inactive(anon):   389032 kB
Active(file):      59852 kB
Inactive(file):    41500 kB
Unevictable:         160 kB
Mlocked:             160 kB
SwapTotal:             0 kB
SwapFree:              0 kB
Dirty:              1132 kB
Writeback:             0 kB
AnonPages:       3014820 kB
Mapped:           283476 kB
Shmem:            399300 kB
Slab:              71420 kB
SReclaimable:      31912 kB
SUnreclaim:        39508 kB
KernelStack:        4960 kB
PageTables:        32388 kB
NFS_Unstable:          0 kB
Bounce:                0 kB
WritebackTmp:          0 kB
CommitLimit:     1917344 kB
Committed_AS:    6647596 kB
VmallocTotal:   34359738367 kB
VmallocUsed:      347144 kB
VmallocChunk:   34359382140 kB
HardwareCorrupted:     0 kB
AnonHugePages:    626688 kB
HugePages_Total:       0
HugePages_Free:        0
HugePages_Rsvd:        0
HugePages_Surp:        0
Hugepagesize:       2048 kB
DirectMap4k:       71708 kB
DirectMap2M:     3907584 kB


CPU:total 4 (2 cores per cpu, 2 threads per core) family 6 model 37 stepping 2, cmov, cx8, fxsr, mmx, sse, sse2, sse3, ssse3, sse4.1, sse4.2, popcnt, ht, tsc, tscinvbit

/proc/cpuinfo:
processor	: 0
vendor_id	: GenuineIntel
cpu family	: 6
model		: 37
model name	: Intel(R) Core(TM) i3 CPU       M 350  @ 2.27GHz
stepping	: 2
microcode	: 0x9
cpu MHz		: 2266.000
cache size	: 3072 KB
physical id	: 0
siblings	: 4
core id		: 0
cpu cores	: 2
apicid		: 0
initial apicid	: 0
fpu		: yes
fpu_exception	: yes
cpuid level	: 11
wp		: yes
flags		: fpu vme de pse tsc msr pae mce cx8 apic sep mtrr pge mca cmov pat pse36 clflush dts acpi mmx fxsr sse sse2 ss ht tm pbe syscall nx rdtscp lm constant_tsc arch_perfmon pebs bts rep_good nopl xtopology nonstop_tsc aperfmperf pni dtes64 monitor ds_cpl vmx est tm2 ssse3 cx16 xtpr pdcm sse4_1 sse4_2 popcnt lahf_lm arat dtherm tpr_shadow vnmi flexpriority ept vpid
bogomips	: 4521.64
clflush size	: 64
cache_alignment	: 64
address sizes	: 36 bits physical, 48 bits virtual
power management:

processor	: 1
vendor_id	: GenuineIntel
cpu family	: 6
model		: 37
model name	: Intel(R) Core(TM) i3 CPU       M 350  @ 2.27GHz
stepping	: 2
microcode	: 0x9
cpu MHz		: 933.000
cache size	: 3072 KB
physical id	: 0
siblings	: 4
core id		: 2
cpu cores	: 2
apicid		: 4
initial apicid	: 4
fpu		: yes
fpu_exception	: yes
cpuid level	: 11
wp		: yes
flags		: fpu vme de pse tsc msr pae mce cx8 apic sep mtrr pge mca cmov pat pse36 clflush dts acpi mmx fxsr sse sse2 ss ht tm pbe syscall nx rdtscp lm constant_tsc arch_perfmon pebs bts rep_good nopl xtopology nonstop_tsc aperfmperf pni dtes64 monitor ds_cpl vmx est tm2 ssse3 cx16 xtpr pdcm sse4_1 sse4_2 popcnt lahf_lm arat dtherm tpr_shadow vnmi flexpriority ept vpid
bogomips	: 4521.64
clflush size	: 64
cache_alignment	: 64
address sizes	: 36 bits physical, 48 bits virtual
power management:

processor	: 2
vendor_id	: GenuineIntel
cpu family	: 6
model		: 37
model name	: Intel(R) Core(TM) i3 CPU       M 350  @ 2.27GHz
stepping	: 2
microcode	: 0x9
cpu MHz		: 2266.000
cache size	: 3072 KB
physical id	: 0
siblings	: 4
core id		: 0
cpu cores	: 2
apicid		: 1
initial apicid	: 1
fpu		: yes
fpu_exception	: yes
cpuid level	: 11
wp		: yes
flags		: fpu vme de pse tsc msr pae mce cx8 apic sep mtrr pge mca cmov pat pse36 clflush dts acpi mmx fxsr sse sse2 ss ht tm pbe syscall nx rdtscp lm constant_tsc arch_perfmon pebs bts rep_good nopl xtopology nonstop_tsc aperfmperf pni dtes64 monitor ds_cpl vmx est tm2 ssse3 cx16 xtpr pdcm sse4_1 sse4_2 popcnt lahf_lm arat dtherm tpr_shadow vnmi flexpriority ept vpid
bogomips	: 4521.64
clflush size	: 64
cache_alignment	: 64
address sizes	: 36 bits physical, 48 bits virtual
power management:

processor	: 3
vendor_id	: GenuineIntel
cpu family	: 6
model		: 37
model name	: Intel(R) Core(TM) i3 CPU       M 350  @ 2.27GHz
stepping	: 2
microcode	: 0x9
cpu MHz		: 1599.000
cache size	: 3072 KB
physical id	: 0
siblings	: 4
core id		: 2
cpu cores	: 2
apicid		: 5
initial apicid	: 5
fpu		: yes
fpu_exception	: yes
cpuid level	: 11
wp		: yes
flags		: fpu vme de pse tsc msr pae mce cx8 apic sep mtrr pge mca cmov pat pse36 clflush dts acpi mmx fxsr sse sse2 ss ht tm pbe syscall nx rdtscp lm constant_tsc arch_perfmon pebs bts rep_good nopl xtopology nonstop_tsc aperfmperf pni dtes64 monitor ds_cpl vmx est tm2 ssse3 cx16 xtpr pdcm sse4_1 sse4_2 popcnt lahf_lm arat dtherm tpr_shadow vnmi flexpriority ept vpid
bogomips	: 4521.64
clflush size	: 64
cache_alignment	: 64
address sizes	: 36 bits physical, 48 bits virtual
power management:



Memory: 4k page, physical 3834692k(160968k free), swap 0k(0k free)

vm_info: Java HotSpot(TM) 64-Bit Server VM (25.25-b02) for linux-amd64 JRE (1.8.0_25-b17), built on Sep 17 2014 17:32:11 by "java_re" with gcc 4.3.0 20080428 (Red Hat 4.3.0-8)

time: Thu Feb 25 10:13:09 2016
elapsed time: 12 seconds (0d 0h 0m 12s)

